2019-01-07T16:46:17+00:00 CRITICAL Maximum execution time of 30 seconds exceeded in D:\xampp\htdocs\webcom\wp-includes\widgets\class-wp-widget-search.php on line 17

2019-01-07T16:47:22+00:00 CRITICAL Maximum execution time of 30 seconds exceeded in D:\xampp\htdocs\webcom\wp-includes\widgets\class-wp-widget-text.php on line 17

2019-01-07T19:20:55+00:00 CRITICAL Uncaught Error: Call to undefined function get_post_thumbnail_url() in D:\xampp\htdocs\webcom\wp-content\plugins\wpjm-extra-fields\wpjm-extra-fields.php:113
Stack trace:
#0 D:\xampp\htdocs\webcom\wp-includes\class-wp-hook.php(286): webcom_display_job_extra_data_listing('')
#1 D:\xampp\htdocs\webcom\wp-includes\class-wp-hook.php(310): WP_Hook->apply_filters(NULL, Array)
#2 D:\xampp\htdocs\webcom\wp-includes\plugin.php(453): WP_Hook->do_action(Array)
#3 D:\xampp\htdocs\webcom\wp-settings.php(467): do_action('init')
#4 D:\xampp\htdocs\webcom\wp-config.php(89): require_once('D:\\xampp\\htdocs...')
#5 D:\xampp\htdocs\webcom\wp-load.php(37): require_once('D:\\xampp\\htdocs...')
#6 D:\xampp\htdocs\webcom\wp-admin\admin-ajax.php(22): require_once('D:\\xampp\\htdocs...')
#7 {main}
  thrown in D:\xampp\htdocs\webcom\wp-content\plugins\wpjm-extra-fields\wpjm-extra-fields.php on line 113

2019-01-07T19:21:21+00:00 CRITICAL Uncaught Error: Call to undefined function get_post_thumbnail_url() in D:\xampp\htdocs\webcom\wp-content\plugins\wpjm-extra-fields\wpjm-extra-fields.php:113
Stack trace:
#0 D:\xampp\htdocs\webcom\wp-includes\shortcodes.php(319): webcom_display_job_extra_data_listing('', '', 'test')
#1 [internal function]: do_shortcode_tag(Array)
#2 D:\xampp\htdocs\webcom\wp-includes\shortcodes.php(197): preg_replace_callback('/\\[(\\[?)(test)(...', 'do_shortcode_ta...', '\n[test]\n')
#3 D:\xampp\htdocs\webcom\wp-includes\class-wp-hook.php(286): do_shortcode('\n[test]\n')
#4 D:\xampp\htdocs\webcom\wp-includes\plugin.php(203): WP_Hook->apply_filters('\n[test]\n', Array)
#5 D:\xampp\htdocs\webcom\wp-includes\rest-api\endpoints\class-wp-rest-posts-controller.php(1520): apply_filters('the_content', '<!-- wp:paragra...')
#6 D:\xampp\htdocs\webcom\wp-includes\rest-api\endpoints\class-wp-rest-posts-controller.php(751): WP_REST_Posts_Controller->prepare_item_for_response(Object(WP_Post), Object(WP_REST_Request))
#7 D:\xampp\htdocs\web in D:\xampp\htdocs\webcom\wp-content\plugins\wpjm-extra-fields\wpjm-extra-fields.php on line 113

2019-01-07T19:21:46+00:00 CRITICAL Uncaught Error: Call to undefined function get_post_thumbnail_url() in D:\xampp\htdocs\webcom\wp-content\plugins\wpjm-extra-fields\wpjm-extra-fields.php:113
Stack trace:
#0 D:\xampp\htdocs\webcom\wp-includes\shortcodes.php(319): webcom_display_job_extra_data_listing('', '', 'test')
#1 [internal function]: do_shortcode_tag(Array)
#2 D:\xampp\htdocs\webcom\wp-includes\shortcodes.php(197): preg_replace_callback('/\\[(\\[?)(test)(...', 'do_shortcode_ta...', '\n[test]\n\n\n\n<p><...')
#3 D:\xampp\htdocs\webcom\wp-includes\class-wp-hook.php(286): do_shortcode('\n[test]\n\n\n\n<p><...')
#4 D:\xampp\htdocs\webcom\wp-includes\plugin.php(203): WP_Hook->apply_filters('\n[test]\n\n\n\n<p><...', Array)
#5 D:\xampp\htdocs\webcom\wp-includes\rest-api\endpoints\class-wp-rest-posts-controller.php(1520): apply_filters('the_content', '<!-- wp:html --...')
#6 D:\xampp\htdocs\webcom\wp-includes\rest-api\endpoints\class-wp-rest-posts-controller.php(751): WP_REST_Posts_Controller->prepare_item_for_response(Object(WP_Post), Object(W in D:\xampp\htdocs\webcom\wp-content\plugins\wpjm-extra-fields\wpjm-extra-fields.php on line 113

2019-01-07T19:21:58+00:00 CRITICAL Uncaught Error: Call to undefined function get_post_thumbnail_url() in D:\xampp\htdocs\webcom\wp-content\plugins\wpjm-extra-fields\wpjm-extra-fields.php:113
Stack trace:
#0 D:\xampp\htdocs\webcom\wp-includes\shortcodes.php(319): webcom_display_job_extra_data_listing('', '', 'test')
#1 [internal function]: do_shortcode_tag(Array)
#2 D:\xampp\htdocs\webcom\wp-includes\shortcodes.php(197): preg_replace_callback('/\\[(\\[?)(test)(...', 'do_shortcode_ta...', '\n[test]\n\n\n\n<p><...')
#3 D:\xampp\htdocs\webcom\wp-includes\class-wp-hook.php(286): do_shortcode('\n[test]\n\n\n\n<p><...')
#4 D:\xampp\htdocs\webcom\wp-includes\plugin.php(203): WP_Hook->apply_filters('\n[test]\n\n\n\n<p><...', Array)
#5 D:\xampp\htdocs\webcom\wp-includes\rest-api\endpoints\class-wp-rest-revisions-controller.php(532): apply_filters('the_content', '<!-- wp:html --...')
#6 D:\xampp\htdocs\webcom\wp-includes\rest-api\endpoints\class-wp-rest-autosaves-controller.php(380): WP_REST_Revisions_Controller->prepare_item_for_response(Object(WP_Post in D:\xampp\htdocs\webcom\wp-content\plugins\wpjm-extra-fields\wpjm-extra-fields.php on line 113

2019-01-07T19:22:02+00:00 CRITICAL Uncaught Error: Call to undefined function get_post_thumbnail_url() in D:\xampp\htdocs\webcom\wp-content\plugins\wpjm-extra-fields\wpjm-extra-fields.php:113
Stack trace:
#0 D:\xampp\htdocs\webcom\wp-includes\shortcodes.php(319): webcom_display_job_extra_data_listing('', '', 'test')
#1 [internal function]: do_shortcode_tag(Array)
#2 D:\xampp\htdocs\webcom\wp-includes\shortcodes.php(197): preg_replace_callback('/\\[(\\[?)(test)(...', 'do_shortcode_ta...', '\n[test]\n\n\n\n<p><...')
#3 D:\xampp\htdocs\webcom\wp-includes\class-wp-hook.php(286): do_shortcode('\n[test]\n\n\n\n<p><...')
#4 D:\xampp\htdocs\webcom\wp-includes\plugin.php(203): WP_Hook->apply_filters('\n[test]\n\n\n\n<p><...', Array)
#5 D:\xampp\htdocs\webcom\wp-includes\rest-api\endpoints\class-wp-rest-posts-controller.php(1520): apply_filters('the_content', '<!-- wp:html --...')
#6 D:\xampp\htdocs\webcom\wp-includes\rest-api\endpoints\class-wp-rest-posts-controller.php(751): WP_REST_Posts_Controller->prepare_item_for_response(Object(WP_Post), Object(W in D:\xampp\htdocs\webcom\wp-content\plugins\wpjm-extra-fields\wpjm-extra-fields.php on line 113

2019-01-07T19:22:22+00:00 CRITICAL Uncaught Error: Call to undefined function get_post_thumbnail_url() in D:\xampp\htdocs\webcom\wp-content\plugins\wpjm-extra-fields\wpjm-extra-fields.php:113
Stack trace:
#0 D:\xampp\htdocs\webcom\wp-includes\shortcodes.php(319): webcom_display_job_extra_data_listing('', '', 'test')
#1 [internal function]: do_shortcode_tag(Array)
#2 D:\xampp\htdocs\webcom\wp-includes\shortcodes.php(197): preg_replace_callback('/\\[(\\[?)(test)(...', 'do_shortcode_ta...', '\n[test]\n\n\n\n<p><...')
#3 D:\xampp\htdocs\webcom\wp-includes\class-wp-hook.php(286): do_shortcode('\n[test]\n\n\n\n<p><...')
#4 D:\xampp\htdocs\webcom\wp-includes\plugin.php(203): WP_Hook->apply_filters('\n[test]\n\n\n\n<p><...', Array)
#5 D:\xampp\htdocs\webcom\wp-includes\rest-api\endpoints\class-wp-rest-posts-controller.php(1520): apply_filters('the_content', '<!-- wp:html --...')
#6 D:\xampp\htdocs\webcom\wp-includes\rest-api\endpoints\class-wp-rest-posts-controller.php(751): WP_REST_Posts_Controller->prepare_item_for_response(Object(WP_Post), Object(W in D:\xampp\htdocs\webcom\wp-content\plugins\wpjm-extra-fields\wpjm-extra-fields.php on line 113

2019-01-07T19:22:37+00:00 CRITICAL Uncaught Error: Call to undefined function get_post_thumbnail_url() in D:\xampp\htdocs\webcom\wp-content\plugins\wpjm-extra-fields\wpjm-extra-fields.php:113
Stack trace:
#0 D:\xampp\htdocs\webcom\wp-includes\shortcodes.php(319): webcom_display_job_extra_data_listing('', '', 'test')
#1 [internal function]: do_shortcode_tag(Array)
#2 D:\xampp\htdocs\webcom\wp-includes\shortcodes.php(197): preg_replace_callback('/\\[(\\[?)(test)(...', 'do_shortcode_ta...', '[test]\n')
#3 D:\xampp\htdocs\webcom\wp-includes\class-wp-hook.php(286): do_shortcode('[test]\n')
#4 D:\xampp\htdocs\webcom\wp-includes\plugin.php(203): WP_Hook->apply_filters('[test]\n', Array)
#5 D:\xampp\htdocs\webcom\wp-includes\rest-api\endpoints\class-wp-rest-posts-controller.php(1520): apply_filters('the_content', '[test]')
#6 D:\xampp\htdocs\webcom\wp-includes\rest-api\endpoints\class-wp-rest-posts-controller.php(751): WP_REST_Posts_Controller->prepare_item_for_response(Object(WP_Post), Object(WP_REST_Request))
#7 D:\xampp\htdocs\webcom\wp-includes\re in D:\xampp\htdocs\webcom\wp-content\plugins\wpjm-extra-fields\wpjm-extra-fields.php on line 113

2019-01-07T19:22:48+00:00 CRITICAL Uncaught Error: Call to undefined function get_post_thumbnail_url() in D:\xampp\htdocs\webcom\wp-content\plugins\wpjm-extra-fields\wpjm-extra-fields.php:113
Stack trace:
#0 D:\xampp\htdocs\webcom\wp-includes\shortcodes.php(319): webcom_display_job_extra_data_listing('', '', 'test')
#1 [internal function]: do_shortcode_tag(Array)
#2 D:\xampp\htdocs\webcom\wp-includes\shortcodes.php(197): preg_replace_callback('/\\[(\\[?)(test)(...', 'do_shortcode_ta...', '[test]\n')
#3 D:\xampp\htdocs\webcom\wp-includes\class-wp-hook.php(286): do_shortcode('[test]\n')
#4 D:\xampp\htdocs\webcom\wp-includes\plugin.php(203): WP_Hook->apply_filters('[test]\n', Array)
#5 D:\xampp\htdocs\webcom\wp-includes\rest-api\endpoints\class-wp-rest-revisions-controller.php(532): apply_filters('the_content', '[test]')
#6 D:\xampp\htdocs\webcom\wp-includes\rest-api\endpoints\class-wp-rest-autosaves-controller.php(380): WP_REST_Revisions_Controller->prepare_item_for_response(Object(WP_Post), Object(WP_REST_Request))
#7 D:\xampp\htdocs\webcom\wp- in D:\xampp\htdocs\webcom\wp-content\plugins\wpjm-extra-fields\wpjm-extra-fields.php on line 113

2019-01-07T19:23:12+00:00 CRITICAL Uncaught Error: Call to undefined function get_post_thumbnail_url() in D:\xampp\htdocs\webcom\wp-content\plugins\wpjm-extra-fields\wpjm-extra-fields.php:113
Stack trace:
#0 D:\xampp\htdocs\webcom\wp-includes\shortcodes.php(319): webcom_display_job_extra_data_listing('', '', 'test')
#1 [internal function]: do_shortcode_tag(Array)
#2 D:\xampp\htdocs\webcom\wp-includes\shortcodes.php(197): preg_replace_callback('/\\[(\\[?)(test)(...', 'do_shortcode_ta...', '[test]\n')
#3 D:\xampp\htdocs\webcom\wp-includes\class-wp-hook.php(286): do_shortcode('[test]\n')
#4 D:\xampp\htdocs\webcom\wp-includes\plugin.php(203): WP_Hook->apply_filters('[test]\n', Array)
#5 D:\xampp\htdocs\webcom\wp-includes\rest-api\endpoints\class-wp-rest-revisions-controller.php(532): apply_filters('the_content', '[test]')
#6 D:\xampp\htdocs\webcom\wp-includes\rest-api\endpoints\class-wp-rest-autosaves-controller.php(380): WP_REST_Revisions_Controller->prepare_item_for_response(Object(WP_Post), Object(WP_REST_Request))
#7 D:\xampp\htdocs\webcom\wp- in D:\xampp\htdocs\webcom\wp-content\plugins\wpjm-extra-fields\wpjm-extra-fields.php on line 113

2019-01-07T19:23:34+00:00 CRITICAL Uncaught Error: Call to undefined function get_post_thumbnail_url() in D:\xampp\htdocs\webcom\wp-content\plugins\wpjm-extra-fields\wpjm-extra-fields.php:113
Stack trace:
#0 D:\xampp\htdocs\webcom\wp-includes\shortcodes.php(319): webcom_display_job_extra_data_listing('', '', 'test')
#1 [internal function]: do_shortcode_tag(Array)
#2 D:\xampp\htdocs\webcom\wp-includes\shortcodes.php(197): preg_replace_callback('/\\[(\\[?)(test)(...', 'do_shortcode_ta...', '[test]\n')
#3 D:\xampp\htdocs\webcom\wp-includes\class-wp-hook.php(286): do_shortcode('[test]\n')
#4 D:\xampp\htdocs\webcom\wp-includes\plugin.php(203): WP_Hook->apply_filters('[test]\n', Array)
#5 D:\xampp\htdocs\webcom\wp-includes\rest-api\endpoints\class-wp-rest-revisions-controller.php(532): apply_filters('the_content', '[test]')
#6 D:\xampp\htdocs\webcom\wp-includes\rest-api\endpoints\class-wp-rest-autosaves-controller.php(380): WP_REST_Revisions_Controller->prepare_item_for_response(Object(WP_Post), Object(WP_REST_Request))
#7 D:\xampp\htdocs\webcom\wp- in D:\xampp\htdocs\webcom\wp-content\plugins\wpjm-extra-fields\wpjm-extra-fields.php on line 113

2019-01-07T19:23:57+00:00 CRITICAL Uncaught Error: Call to undefined function get_post_thumbnail_url() in D:\xampp\htdocs\webcom\wp-content\plugins\wpjm-extra-fields\wpjm-extra-fields.php:113
Stack trace:
#0 D:\xampp\htdocs\webcom\wp-includes\shortcodes.php(319): webcom_display_job_extra_data_listing('', '', 'test')
#1 [internal function]: do_shortcode_tag(Array)
#2 D:\xampp\htdocs\webcom\wp-includes\shortcodes.php(197): preg_replace_callback('/\\[(\\[?)(test)(...', 'do_shortcode_ta...', '[test]\n')
#3 D:\xampp\htdocs\webcom\wp-includes\class-wp-hook.php(286): do_shortcode('[test]\n')
#4 D:\xampp\htdocs\webcom\wp-includes\plugin.php(203): WP_Hook->apply_filters('[test]\n', Array)
#5 D:\xampp\htdocs\webcom\wp-includes\rest-api\endpoints\class-wp-rest-revisions-controller.php(532): apply_filters('the_content', '[test]')
#6 D:\xampp\htdocs\webcom\wp-includes\rest-api\endpoints\class-wp-rest-autosaves-controller.php(380): WP_REST_Revisions_Controller->prepare_item_for_response(Object(WP_Post), Object(WP_REST_Request))
#7 D:\xampp\htdocs\webcom\wp- in D:\xampp\htdocs\webcom\wp-content\plugins\wpjm-extra-fields\wpjm-extra-fields.php on line 113

2019-01-07T19:24:21+00:00 CRITICAL Uncaught Error: Call to undefined function get_post_thumbnail_url() in D:\xampp\htdocs\webcom\wp-content\plugins\wpjm-extra-fields\wpjm-extra-fields.php:113
Stack trace:
#0 D:\xampp\htdocs\webcom\wp-includes\shortcodes.php(319): webcom_display_job_extra_data_listing('', '', 'test')
#1 [internal function]: do_shortcode_tag(Array)
#2 D:\xampp\htdocs\webcom\wp-includes\shortcodes.php(197): preg_replace_callback('/\\[(\\[?)(test)(...', 'do_shortcode_ta...', '[test]\n')
#3 D:\xampp\htdocs\webcom\wp-includes\class-wp-hook.php(286): do_shortcode('[test]\n')
#4 D:\xampp\htdocs\webcom\wp-includes\plugin.php(203): WP_Hook->apply_filters('[test]\n', Array)
#5 D:\xampp\htdocs\webcom\wp-includes\rest-api\endpoints\class-wp-rest-revisions-controller.php(532): apply_filters('the_content', '[test]')
#6 D:\xampp\htdocs\webcom\wp-includes\rest-api\endpoints\class-wp-rest-autosaves-controller.php(380): WP_REST_Revisions_Controller->prepare_item_for_response(Object(WP_Post), Object(WP_REST_Request))
#7 D:\xampp\htdocs\webcom\wp- in D:\xampp\htdocs\webcom\wp-content\plugins\wpjm-extra-fields\wpjm-extra-fields.php on line 113

2019-01-07T19:24:43+00:00 CRITICAL Uncaught Error: Call to undefined function get_post_thumbnail_url() in D:\xampp\htdocs\webcom\wp-content\plugins\wpjm-extra-fields\wpjm-extra-fields.php:113
Stack trace:
#0 D:\xampp\htdocs\webcom\wp-includes\shortcodes.php(319): webcom_display_job_extra_data_listing('', '', 'test')
#1 [internal function]: do_shortcode_tag(Array)
#2 D:\xampp\htdocs\webcom\wp-includes\shortcodes.php(197): preg_replace_callback('/\\[(\\[?)(test)(...', 'do_shortcode_ta...', '[test]\n')
#3 D:\xampp\htdocs\webcom\wp-includes\class-wp-hook.php(286): do_shortcode('[test]\n')
#4 D:\xampp\htdocs\webcom\wp-includes\plugin.php(203): WP_Hook->apply_filters('[test]\n', Array)
#5 D:\xampp\htdocs\webcom\wp-includes\rest-api\endpoints\class-wp-rest-revisions-controller.php(532): apply_filters('the_content', '[test]')
#6 D:\xampp\htdocs\webcom\wp-includes\rest-api\endpoints\class-wp-rest-autosaves-controller.php(380): WP_REST_Revisions_Controller->prepare_item_for_response(Object(WP_Post), Object(WP_REST_Request))
#7 D:\xampp\htdocs\webcom\wp- in D:\xampp\htdocs\webcom\wp-content\plugins\wpjm-extra-fields\wpjm-extra-fields.php on line 113

2019-01-07T19:25:05+00:00 CRITICAL Uncaught Error: Call to undefined function get_post_thumbnail_url() in D:\xampp\htdocs\webcom\wp-content\plugins\wpjm-extra-fields\wpjm-extra-fields.php:113
Stack trace:
#0 D:\xampp\htdocs\webcom\wp-includes\shortcodes.php(319): webcom_display_job_extra_data_listing('', '', 'test')
#1 [internal function]: do_shortcode_tag(Array)
#2 D:\xampp\htdocs\webcom\wp-includes\shortcodes.php(197): preg_replace_callback('/\\[(\\[?)(test)(...', 'do_shortcode_ta...', '[test]\n')
#3 D:\xampp\htdocs\webcom\wp-includes\class-wp-hook.php(286): do_shortcode('[test]\n')
#4 D:\xampp\htdocs\webcom\wp-includes\plugin.php(203): WP_Hook->apply_filters('[test]\n', Array)
#5 D:\xampp\htdocs\webcom\wp-includes\rest-api\endpoints\class-wp-rest-revisions-controller.php(532): apply_filters('the_content', '[test]')
#6 D:\xampp\htdocs\webcom\wp-includes\rest-api\endpoints\class-wp-rest-autosaves-controller.php(380): WP_REST_Revisions_Controller->prepare_item_for_response(Object(WP_Post), Object(WP_REST_Request))
#7 D:\xampp\htdocs\webcom\wp- in D:\xampp\htdocs\webcom\wp-content\plugins\wpjm-extra-fields\wpjm-extra-fields.php on line 113

2019-01-07T19:25:10+00:00 CRITICAL Uncaught Error: Call to undefined function get_post_thumbnail_url() in D:\xampp\htdocs\webcom\wp-content\plugins\wpjm-extra-fields\wpjm-extra-fields.php:113
Stack trace:
#0 D:\xampp\htdocs\webcom\wp-includes\shortcodes.php(319): webcom_display_job_extra_data_listing('', '', 'test')
#1 [internal function]: do_shortcode_tag(Array)
#2 D:\xampp\htdocs\webcom\wp-includes\shortcodes.php(197): preg_replace_callback('/\\[(\\[?)(test)(...', 'do_shortcode_ta...', '\n[test]\n')
#3 D:\xampp\htdocs\webcom\wp-includes\class-wp-hook.php(286): do_shortcode('\n[test]\n')
#4 D:\xampp\htdocs\webcom\wp-includes\plugin.php(203): WP_Hook->apply_filters('\n[test]\n', Array)
#5 D:\xampp\htdocs\webcom\wp-includes\rest-api\endpoints\class-wp-rest-posts-controller.php(1520): apply_filters('the_content', '<!-- wp:html --...')
#6 D:\xampp\htdocs\webcom\wp-includes\rest-api\endpoints\class-wp-rest-posts-controller.php(305): WP_REST_Posts_Controller->prepare_item_for_response(Object(WP_Post), Object(WP_REST_Request))
#7 D:\xampp\htdocs\web in D:\xampp\htdocs\webcom\wp-content\plugins\wpjm-extra-fields\wpjm-extra-fields.php on line 113

2019-01-07T19:25:17+00:00 CRITICAL Uncaught Error: Call to undefined function get_post_thumbnail_url() in D:\xampp\htdocs\webcom\wp-content\plugins\wpjm-extra-fields\wpjm-extra-fields.php:113
Stack trace:
#0 D:\xampp\htdocs\webcom\wp-includes\shortcodes.php(319): webcom_display_job_extra_data_listing('', '', 'test')
#1 [internal function]: do_shortcode_tag(Array)
#2 D:\xampp\htdocs\webcom\wp-includes\shortcodes.php(197): preg_replace_callback('/\\[(\\[?)(test)(...', 'do_shortcode_ta...', '[test]\n')
#3 D:\xampp\htdocs\webcom\wp-includes\class-wp-hook.php(286): do_shortcode('[test]\n')
#4 D:\xampp\htdocs\webcom\wp-includes\plugin.php(203): WP_Hook->apply_filters('[test]\n', Array)
#5 D:\xampp\htdocs\webcom\wp-includes\rest-api\endpoints\class-wp-rest-posts-controller.php(1520): apply_filters('the_content', '[test]')
#6 D:\xampp\htdocs\webcom\wp-includes\rest-api\endpoints\class-wp-rest-posts-controller.php(465): WP_REST_Posts_Controller->prepare_item_for_response(Object(WP_Post), Object(WP_REST_Request))
#7 D:\xampp\htdocs\webcom\wp-includes\re in D:\xampp\htdocs\webcom\wp-content\plugins\wpjm-extra-fields\wpjm-extra-fields.php on line 113

